<?xml version="1.0" encoding="UTF-8" ?>
<testsuite tests="12" failures="0" name="step_definitions.RunCukesTest" time="0.127" errors="0" skipped="0">
  <properties>
[...]
</properties>
  <testcase classname="Scenario: user completed order product" name="Given User open the website sauce demo" time="0.009"/>
  <testcase classname="Scenario: user completed order product" name="When User input &quot;standard_user&quot; as userName and Input &quot;secret_sauce&quot; as password" time="0"/>
  <testcase classname="Scenario: user completed order product" name="Then User already on landing page" time="0"/>
  <testcase classname="Scenario: user completed order product" name="And User sort product list by &quot;Name (Z to A)&quot;" time="0"/>
  <testcase classname="Scenario: user completed order product" name="And User choice 2 product from the list" time="0"/>
  <testcase classname="Scenario: user completed order product" name="And User click on icon cart to verify product" time="0"/>
  <testcase classname="Scenario: user completed order product" name="And User click button checkout" time="0"/>
  <testcase classname="Scenario: user completed order product" name="Then User input Check Out Form in Firs Name &quot;Kukuh&quot;, Last Name &quot;Pradipto&quot; and Partial Code &quot;123&quot;." time="0"/>
  <testcase classname="Scenario: user completed order product" name="And User verify Summary total Checkout" time="0"/>
  <testcase classname="Scenario: user completed order product" name="And User click button finish" time="0"/>
  <testcase classname="Scenario: user completed order product" name="And User complete order" time="0"/>
  <testcase classname="Scenario: user completed order product" name="Scenario: user completed order product" time="0.118"/>
</testsuite>